{"H:\\nodejs-ts\\src\\utils\\NumberUtil.ts": {"path":"H:\\nodejs-ts\\src\\utils\\NumberUtil.ts","statementMap":{"0":{"start":{"line":5,"column":4},"end":{"line":7,"column":null}},"1":{"start":{"line":6,"column":6},"end":{"line":6,"column":16}},"2":{"start":{"line":8,"column":4},"end":{"line":11,"column":null}},"3":{"start":{"line":9,"column":6},"end":{"line":9,"column":27}},"4":{"start":{"line":10,"column":6},"end":{"line":10,"column":29}},"5":{"start":{"line":12,"column":15},"end":{"line":12,"column":77}},"6":{"start":{"line":13,"column":14},"end":{"line":13,"column":29}},"7":{"start":{"line":14,"column":14},"end":{"line":14,"column":18}},"8":{"start":{"line":15,"column":16},"end":{"line":15,"column":18}},"9":{"start":{"line":16,"column":16},"end":{"line":16,"column":28}},"10":{"start":{"line":17,"column":4},"end":{"line":22,"column":null}},"11":{"start":{"line":17,"column":17},"end":{"line":17,"column":18}},"12":{"start":{"line":18,"column":6},"end":{"line":18,"column":27}},"13":{"start":{"line":19,"column":6},"end":{"line":21,"column":null}},"14":{"start":{"line":20,"column":8},"end":{"line":20,"column":33}},"15":{"start":{"line":23,"column":4},"end":{"line":27,"column":null}},"16":{"start":{"line":24,"column":6},"end":{"line":24,"column":36}},"17":{"start":{"line":26,"column":6},"end":{"line":26,"column":62}},"18":{"start":{"line":35,"column":4},"end":{"line":37,"column":null}},"19":{"start":{"line":36,"column":6},"end":{"line":36,"column":18}},"20":{"start":{"line":39,"column":17},"end":{"line":39,"column":46}},"21":{"start":{"line":40,"column":4},"end":{"line":42,"column":null}},"22":{"start":{"line":41,"column":6},"end":{"line":41,"column":18}},"23":{"start":{"line":43,"column":4},"end":{"line":43,"column":22}},"24":{"start":{"line":44,"column":4},"end":{"line":47,"column":null}},"25":{"start":{"line":45,"column":6},"end":{"line":45,"column":24}},"26":{"start":{"line":46,"column":6},"end":{"line":46,"column":15}},"27":{"start":{"line":48,"column":4},"end":{"line":48,"column":13}},"28":{"start":{"line":53,"column":4},"end":{"line":55,"column":null}},"29":{"start":{"line":54,"column":6},"end":{"line":54,"column":18}},"30":{"start":{"line":56,"column":4},"end":{"line":56,"column":54}},"31":{"start":{"line":60,"column":4},"end":{"line":62,"column":null}},"32":{"start":{"line":61,"column":6},"end":{"line":61,"column":19}},"33":{"start":{"line":63,"column":14},"end":{"line":63,"column":38}},"34":{"start":{"line":64,"column":14},"end":{"line":64,"column":25}},"35":{"start":{"line":65,"column":4},"end":{"line":65,"column":83}},"36":{"start":{"line":69,"column":4},"end":{"line":69,"column":63}},"37":{"start":{"line":73,"column":20},"end":{"line":73,"column":71}},"38":{"start":{"line":74,"column":4},"end":{"line":76,"column":null}},"39":{"start":{"line":75,"column":6},"end":{"line":75,"column":38}},"40":{"start":{"line":77,"column":4},"end":{"line":77,"column":30}},"41":{"start":{"line":83,"column":4},"end":{"line":83,"column":15}},"42":{"start":{"line":84,"column":4},"end":{"line":84,"column":39}},"43":{"start":{"line":84,"column":28},"end":{"line":84,"column":39}},"44":{"start":{"line":85,"column":4},"end":{"line":85,"column":34}},"45":{"start":{"line":85,"column":25},"end":{"line":85,"column":34}},"46":{"start":{"line":86,"column":4},"end":{"line":88,"column":69}},"47":{"start":{"line":89,"column":4},"end":{"line":89,"column":67}},"48":{"start":{"line":89,"column":43},"end":{"line":89,"column":67}},"49":{"start":{"line":90,"column":4},"end":{"line":90,"column":22}},"50":{"start":{"line":90,"column":23},"end":{"line":90,"column":41}},"51":{"start":{"line":91,"column":12},"end":{"line":91,"column":37}},"52":{"start":{"line":92,"column":4},"end":{"line":93,"column":35}},"53":{"start":{"line":92,"column":16},"end":{"line":92,"column":73}},"54":{"start":{"line":92,"column":55},"end":{"line":92,"column":73}},"55":{"start":{"line":93,"column":9},"end":{"line":93,"column":35}},"56":{"start":{"line":94,"column":4},"end":{"line":94,"column":21}},"57":{"start":{"line":94,"column":22},"end":{"line":94,"column":34}},"58":{"start":{"line":95,"column":4},"end":{"line":100,"column":6}},"59":{"start":{"line":96,"column":6},"end":{"line":96,"column":13}},"60":{"start":{"line":97,"column":6},"end":{"line":98,"column":70}},"61":{"start":{"line":97,"column":19},"end":{"line":97,"column":23}},"62":{"start":{"line":97,"column":29},"end":{"line":97,"column":41}},"63":{"start":{"line":97,"column":47},"end":{"line":97,"column":48}},"64":{"start":{"line":97,"column":54},"end":{"line":97,"column":62}},"65":{"start":{"line":98,"column":8},"end":{"line":98,"column":70}},"66":{"start":{"line":99,"column":6},"end":{"line":99,"column":15}},"67":{"start":{"line":100,"column":6},"end":{"line":100,"column":42}},"68":{"start":{"line":101,"column":4},"end":{"line":101,"column":40}},"69":{"start":{"line":1,"column":0},"end":{"line":1,"column":13}},"70":{"start":{"line":2,"column":17},"end":{"line":2,"column":49}},"71":{"start":{"line":30,"column":16},"end":{"line":32,"column":null}},"72":{"start":{"line":31,"column":4},"end":{"line":31,"column":46}}},"fnMap":{"0":{"name":"(anonymous_0)","decl":{"start":{"line":4,"column":9},"end":{"line":4,"column":15}},"loc":{"start":{"line":4,"column":110},"end":{"line":28,"column":3}}},"1":{"name":"(anonymous_1)","decl":{"start":{"line":34,"column":9},"end":{"line":34,"column":15}},"loc":{"start":{"line":34,"column":57},"end":{"line":49,"column":3}}},"2":{"name":"(anonymous_2)","decl":{"start":{"line":52,"column":9},"end":{"line":52,"column":15}},"loc":{"start":{"line":52,"column":53},"end":{"line":57,"column":3}}},"3":{"name":"(anonymous_3)","decl":{"start":{"line":59,"column":9},"end":{"line":59,"column":15}},"loc":{"start":{"line":59,"column":43},"end":{"line":66,"column":3}}},"4":{"name":"(anonymous_4)","decl":{"start":{"line":68,"column":9},"end":{"line":68,"column":15}},"loc":{"start":{"line":68,"column":38},"end":{"line":70,"column":3}}},"5":{"name":"(anonymous_5)","decl":{"start":{"line":72,"column":9},"end":{"line":72,"column":15}},"loc":{"start":{"line":72,"column":38},"end":{"line":78,"column":3}}},"6":{"name":"(anonymous_6)","decl":{"start":{"line":81,"column":9},"end":{"line":81,"column":15}},"loc":{"start":{"line":81,"column":37},"end":{"line":102,"column":3}}},"7":{"name":"(anonymous_7)","decl":{"start":{"line":30,"column":32},"end":{"line":30,"column":33}},"loc":{"start":{"line":30,"column":51},"end":{"line":32,"column":3}}}},"branchMap":{"0":{"loc":{"start":{"line":5,"column":4},"end":{"line":7,"column":null}},"type":"if","locations":[{"start":{"line":5,"column":4},"end":{"line":7,"column":null}},{"start":{"line":5,"column":4},"end":{"line":7,"column":null}}]},"1":{"loc":{"start":{"line":8,"column":4},"end":{"line":11,"column":null}},"type":"if","locations":[{"start":{"line":8,"column":4},"end":{"line":11,"column":null}},{"start":{"line":8,"column":4},"end":{"line":11,"column":null}}]},"2":{"loc":{"start":{"line":8,"column":8},"end":{"line":8,"column":23}},"type":"binary-expr","locations":[{"start":{"line":8,"column":8},"end":{"line":8,"column":23}},{"start":{"line":8,"column":27},"end":{"line":8,"column":44}}]},"3":{"loc":{"start":{"line":12,"column":38},"end":{"line":12,"column":58}},"type":"cond-expr","locations":[{"start":{"line":12,"column":38},"end":{"line":12,"column":58}},{"start":{"line":12,"column":61},"end":{"line":12,"column":77}}]},"4":{"loc":{"start":{"line":12,"column":15},"end":{"line":12,"column":26}},"type":"binary-expr","locations":[{"start":{"line":12,"column":15},"end":{"line":12,"column":26}},{"start":{"line":12,"column":30},"end":{"line":12,"column":35}}]},"5":{"loc":{"start":{"line":19,"column":6},"end":{"line":21,"column":null}},"type":"if","locations":[{"start":{"line":19,"column":6},"end":{"line":21,"column":null}},{"start":{"line":19,"column":6},"end":{"line":21,"column":null}}]},"6":{"loc":{"start":{"line":23,"column":4},"end":{"line":27,"column":null}},"type":"if","locations":[{"start":{"line":23,"column":4},"end":{"line":27,"column":null}},{"start":{"line":23,"column":4},"end":{"line":27,"column":null}}]},"7":{"loc":{"start":{"line":35,"column":4},"end":{"line":37,"column":null}},"type":"if","locations":[{"start":{"line":35,"column":4},"end":{"line":37,"column":null}},{"start":{"line":35,"column":4},"end":{"line":37,"column":null}}]},"8":{"loc":{"start":{"line":35,"column":8},"end":{"line":35,"column":14}},"type":"binary-expr","locations":[{"start":{"line":35,"column":8},"end":{"line":35,"column":14}},{"start":{"line":35,"column":18},"end":{"line":35,"column":43}}]},"9":{"loc":{"start":{"line":40,"column":4},"end":{"line":42,"column":null}},"type":"if","locations":[{"start":{"line":40,"column":4},"end":{"line":42,"column":null}},{"start":{"line":40,"column":4},"end":{"line":42,"column":null}}]},"10":{"loc":{"start":{"line":44,"column":4},"end":{"line":47,"column":null}},"type":"if","locations":[{"start":{"line":44,"column":4},"end":{"line":47,"column":null}},{"start":{"line":44,"column":4},"end":{"line":47,"column":null}}]},"11":{"loc":{"start":{"line":44,"column":8},"end":{"line":44,"column":21}},"type":"binary-expr","locations":[{"start":{"line":44,"column":8},"end":{"line":44,"column":21}},{"start":{"line":44,"column":26},"end":{"line":44,"column":51}},{"start":{"line":44,"column":56},"end":{"line":44,"column":67}}]},"12":{"loc":{"start":{"line":52,"column":49},"end":{"line":52,"column":53}},"type":"default-arg","locations":[{"start":{"line":52,"column":49},"end":{"line":52,"column":53}}]},"13":{"loc":{"start":{"line":53,"column":4},"end":{"line":55,"column":null}},"type":"if","locations":[{"start":{"line":53,"column":4},"end":{"line":55,"column":null}},{"start":{"line":53,"column":4},"end":{"line":55,"column":null}}]},"14":{"loc":{"start":{"line":56,"column":20},"end":{"line":56,"column":48}},"type":"cond-expr","locations":[{"start":{"line":56,"column":20},"end":{"line":56,"column":48}},{"start":{"line":56,"column":51},"end":{"line":56,"column":52}}]},"15":{"loc":{"start":{"line":60,"column":4},"end":{"line":62,"column":null}},"type":"if","locations":[{"start":{"line":60,"column":4},"end":{"line":62,"column":null}},{"start":{"line":60,"column":4},"end":{"line":62,"column":null}}]},"16":{"loc":{"start":{"line":60,"column":8},"end":{"line":60,"column":14}},"type":"binary-expr","locations":[{"start":{"line":60,"column":8},"end":{"line":60,"column":14}},{"start":{"line":60,"column":18},"end":{"line":60,"column":29}},{"start":{"line":60,"column":33},"end":{"line":60,"column":45}}]},"17":{"loc":{"start":{"line":65,"column":31},"end":{"line":65,"column":47}},"type":"binary-expr","locations":[{"start":{"line":65,"column":31},"end":{"line":65,"column":47}},{"start":{"line":65,"column":51},"end":{"line":65,"column":55}},{"start":{"line":65,"column":59},"end":{"line":65,"column":63}}]},"18":{"loc":{"start":{"line":74,"column":4},"end":{"line":76,"column":null}},"type":"if","locations":[{"start":{"line":74,"column":4},"end":{"line":76,"column":null}},{"start":{"line":74,"column":4},"end":{"line":76,"column":null}}]},"19":{"loc":{"start":{"line":84,"column":4},"end":{"line":84,"column":39}},"type":"if","locations":[{"start":{"line":84,"column":4},"end":{"line":84,"column":39}},{"start":{"line":84,"column":4},"end":{"line":84,"column":39}}]},"20":{"loc":{"start":{"line":84,"column":8},"end":{"line":84,"column":14}},"type":"binary-expr","locations":[{"start":{"line":84,"column":8},"end":{"line":84,"column":14}},{"start":{"line":84,"column":18},"end":{"line":84,"column":26}}]},"21":{"loc":{"start":{"line":85,"column":4},"end":{"line":85,"column":34}},"type":"if","locations":[{"start":{"line":85,"column":4},"end":{"line":85,"column":34}},{"start":{"line":85,"column":4},"end":{"line":85,"column":34}}]},"22":{"loc":{"start":{"line":85,"column":8},"end":{"line":85,"column":10}},"type":"binary-expr","locations":[{"start":{"line":85,"column":8},"end":{"line":85,"column":10}},{"start":{"line":85,"column":14},"end":{"line":85,"column":23}}]},"23":{"loc":{"start":{"line":86,"column":29},"end":{"line":86,"column":31}},"type":"cond-expr","locations":[{"start":{"line":86,"column":29},"end":{"line":86,"column":31}},{"start":{"line":86,"column":34},"end":{"line":86,"column":36}}]},"24":{"loc":{"start":{"line":86,"column":50},"end":{"line":86,"column":56}},"type":"cond-expr","locations":[{"start":{"line":86,"column":50},"end":{"line":86,"column":56}},{"start":{"line":86,"column":59},"end":{"line":86,"column":60}}]},"25":{"loc":{"start":{"line":86,"column":94},"end":{"line":86,"column":95}},"type":"binary-expr","locations":[{"start":{"line":86,"column":94},"end":{"line":86,"column":95}},{"start":{"line":87,"column":6},"end":{"line":87,"column":21}},{"start":{"line":87,"column":25},"end":{"line":87,"column":28}}]},"26":{"loc":{"start":{"line":87,"column":34},"end":{"line":87,"column":35}},"type":"binary-expr","locations":[{"start":{"line":87,"column":34},"end":{"line":87,"column":35}},{"start":{"line":87,"column":39},"end":{"line":87,"column":43}},{"start":{"line":87,"column":47},"end":{"line":87,"column":51}},{"start":{"line":87,"column":55},"end":{"line":87,"column":58}}]},"27":{"loc":{"start":{"line":87,"column":90},"end":{"line":87,"column":94}},"type":"binary-expr","locations":[{"start":{"line":87,"column":90},"end":{"line":87,"column":94}},{"start":{"line":87,"column":98},"end":{"line":87,"column":109}}]},"28":{"loc":{"start":{"line":88,"column":21},"end":{"line":88,"column":25}},"type":"binary-expr","locations":[{"start":{"line":88,"column":21},"end":{"line":88,"column":25}},{"start":{"line":88,"column":29},"end":{"line":88,"column":50}}]},"29":{"loc":{"start":{"line":89,"column":4},"end":{"line":89,"column":67}},"type":"if","locations":[{"start":{"line":89,"column":4},"end":{"line":89,"column":67}},{"start":{"line":89,"column":4},"end":{"line":89,"column":67}}]},"30":{"loc":{"start":{"line":89,"column":8},"end":{"line":89,"column":13}},"type":"binary-expr","locations":[{"start":{"line":89,"column":8},"end":{"line":89,"column":13}},{"start":{"line":89,"column":17},"end":{"line":89,"column":21}},{"start":{"line":89,"column":25},"end":{"line":89,"column":41}}]},"31":{"loc":{"start":{"line":91,"column":12},"end":{"line":91,"column":16}},"type":"binary-expr","locations":[{"start":{"line":91,"column":12},"end":{"line":91,"column":16}},{"start":{"line":91,"column":20},"end":{"line":91,"column":37}}]},"32":{"loc":{"start":{"line":92,"column":4},"end":{"line":93,"column":35}},"type":"if","locations":[{"start":{"line":92,"column":4},"end":{"line":93,"column":35}},{"start":{"line":92,"column":4},"end":{"line":93,"column":35}}]},"33":{"loc":{"start":{"line":93,"column":9},"end":{"line":93,"column":19}},"type":"binary-expr","locations":[{"start":{"line":93,"column":9},"end":{"line":93,"column":19}},{"start":{"line":93,"column":24},"end":{"line":93,"column":33}}]},"34":{"loc":{"start":{"line":95,"column":4},"end":{"line":100,"column":6}},"type":"if","locations":[{"start":{"line":95,"column":4},"end":{"line":100,"column":6}},{"start":{"line":95,"column":4},"end":{"line":100,"column":6}}]},"35":{"loc":{"start":{"line":95,"column":12},"end":{"line":95,"column":16}},"type":"binary-expr","locations":[{"start":{"line":95,"column":12},"end":{"line":95,"column":16}},{"start":{"line":95,"column":20},"end":{"line":95,"column":42}}]},"36":{"loc":{"start":{"line":98,"column":26},"end":{"line":98,"column":44}},"type":"binary-expr","locations":[{"start":{"line":98,"column":26},"end":{"line":98,"column":44}},{"start":{"line":98,"column":48},"end":{"line":98,"column":57}},{"start":{"line":98,"column":62},"end":{"line":98,"column":68}}]},"37":{"loc":{"start":{"line":100,"column":28},"end":{"line":100,"column":36}},"type":"cond-expr","locations":[{"start":{"line":100,"column":28},"end":{"line":100,"column":36}},{"start":{"line":100,"column":39},"end":{"line":100,"column":41}}]},"38":{"loc":{"start":{"line":100,"column":13},"end":{"line":100,"column":17}},"type":"binary-expr","locations":[{"start":{"line":100,"column":13},"end":{"line":100,"column":17}},{"start":{"line":100,"column":21},"end":{"line":100,"column":25}}]},"39":{"loc":{"start":{"line":101,"column":16},"end":{"line":101,"column":19}},"type":"cond-expr","locations":[{"start":{"line":101,"column":16},"end":{"line":101,"column":19}},{"start":{"line":101,"column":22},"end":{"line":101,"column":24}}]}},"s":{"0":0,"1":0,"2":0,"3":0,"4":0,"5":0,"6":0,"7":0,"8":0,"9":0,"10":0,"11":0,"12":0,"13":0,"14":0,"15":0,"16":0,"17":0,"18":0,"19":0,"20":0,"21":0,"22":0,"23":0,"24":0,"25":0,"26":0,"27":0,"28":0,"29":0,"30":0,"31":2,"32":1,"33":1,"34":1,"35":1,"36":0,"37":0,"38":0,"39":0,"40":0,"41":0,"42":0,"43":0,"44":0,"45":0,"46":0,"47":0,"48":0,"49":0,"50":0,"51":0,"52":0,"53":0,"54":0,"55":0,"56":0,"57":0,"58":0,"59":0,"60":0,"61":0,"62":0,"63":0,"64":0,"65":0,"66":0,"67":0,"68":0,"69":1,"70":1,"71":1,"72":0},"f":{"0":0,"1":0,"2":0,"3":2,"4":0,"5":0,"6":0,"7":0},"b":{"0":[0,0],"1":[0,0],"2":[0,0],"3":[0,0],"4":[0,0],"5":[0,0],"6":[0,0],"7":[0,0],"8":[0,0],"9":[0,0],"10":[0,0],"11":[0,0,0],"12":[0],"13":[0,0],"14":[0,0],"15":[1,1],"16":[2,1,1],"17":[1,1,1],"18":[0,0],"19":[0,0],"20":[0,0],"21":[0,0],"22":[0,0],"23":[0,0],"24":[0,0],"25":[0,0,0],"26":[0,0,0,0],"27":[0,0],"28":[0,0],"29":[0,0],"30":[0,0,0],"31":[0,0],"32":[0,0],"33":[0,0],"34":[0,0],"35":[0,0],"36":[0,0,0],"37":[0,0],"38":[0,0],"39":[0,0]}}
,"H:\\nodejs-ts\\src\\utils\\StringUtil.ts": {"path":"H:\\nodejs-ts\\src\\utils\\StringUtil.ts","statementMap":{"0":{"start":{"line":7,"column":14},"end":{"line":7,"column":19}},"1":{"start":{"line":8,"column":4},"end":{"line":10,"column":null}},"2":{"start":{"line":9,"column":6},"end":{"line":9,"column":null}},"3":{"start":{"line":11,"column":4},"end":{"line":11,"column":null}},"4":{"start":{"line":15,"column":4},"end":{"line":17,"column":null}},"5":{"start":{"line":16,"column":6},"end":{"line":16,"column":12}},"6":{"start":{"line":18,"column":4},"end":{"line":18,"column":null}},"7":{"start":{"line":19,"column":12},"end":{"line":19,"column":24}},"8":{"start":{"line":20,"column":4},"end":{"line":28,"column":null}},"9":{"start":{"line":27,"column":6},"end":{"line":27,"column":null}},"10":{"start":{"line":29,"column":4},"end":{"line":29,"column":null}},"11":{"start":{"line":30,"column":4},"end":{"line":30,"column":null}},"12":{"start":{"line":31,"column":4},"end":{"line":39,"column":null}},"13":{"start":{"line":38,"column":6},"end":{"line":38,"column":null}},"14":{"start":{"line":40,"column":4},"end":{"line":40,"column":null}},"15":{"start":{"line":44,"column":4},"end":{"line":52,"column":null}},"16":{"start":{"line":45,"column":6},"end":{"line":49,"column":11}},"17":{"start":{"line":48,"column":10},"end":{"line":48,"column":null}},"18":{"start":{"line":51,"column":6},"end":{"line":51,"column":null}},"19":{"start":{"line":57,"column":4},"end":{"line":59,"column":null}},"20":{"start":{"line":58,"column":6},"end":{"line":58,"column":null}},"21":{"start":{"line":60,"column":4},"end":{"line":76,"column":null}},"22":{"start":{"line":60,"column":17},"end":{"line":60,"column":18}},"23":{"start":{"line":61,"column":23},"end":{"line":61,"column":30}},"24":{"start":{"line":63,"column":6},"end":{"line":65,"column":null}},"25":{"start":{"line":64,"column":8},"end":{"line":64,"column":null}},"26":{"start":{"line":67,"column":6},"end":{"line":75,"column":null}},"27":{"start":{"line":68,"column":8},"end":{"line":70,"column":null}},"28":{"start":{"line":69,"column":10},"end":{"line":69,"column":null}},"29":{"start":{"line":72,"column":8},"end":{"line":74,"column":null}},"30":{"start":{"line":73,"column":10},"end":{"line":73,"column":null}},"31":{"start":{"line":77,"column":4},"end":{"line":77,"column":null}},"32":{"start":{"line":81,"column":4},"end":{"line":81,"column":null}},"33":{"start":{"line":85,"column":4},"end":{"line":87,"column":null}},"34":{"start":{"line":86,"column":6},"end":{"line":86,"column":null}},"35":{"start":{"line":88,"column":4},"end":{"line":88,"column":null}},"36":{"start":{"line":92,"column":4},"end":{"line":94,"column":null}},"37":{"start":{"line":93,"column":6},"end":{"line":93,"column":null}},"38":{"start":{"line":95,"column":4},"end":{"line":95,"column":null}},"39":{"start":{"line":106,"column":4},"end":{"line":108,"column":null}},"40":{"start":{"line":107,"column":6},"end":{"line":107,"column":null}},"41":{"start":{"line":109,"column":4},"end":{"line":109,"column":null}},"42":{"start":{"line":110,"column":4},"end":{"line":110,"column":null}},"43":{"start":{"line":111,"column":4},"end":{"line":111,"column":null}},"44":{"start":{"line":112,"column":4},"end":{"line":112,"column":null}},"45":{"start":{"line":113,"column":4},"end":{"line":113,"column":null}},"46":{"start":{"line":1,"column":0},"end":{"line":1,"column":13}},"47":{"start":{"line":98,"column":16},"end":{"line":102,"column":null}},"48":{"start":{"line":99,"column":20},"end":{"line":99,"column":48}},"49":{"start":{"line":100,"column":25},"end":{"line":100,"column":58}},"50":{"start":{"line":101,"column":4},"end":{"line":101,"column":null}}},"fnMap":{"0":{"name":"(anonymous_0)","decl":{"start":{"line":2,"column":9},"end":{"line":2,"column":15}},"loc":{"start":{"line":5,"column":22},"end":{"line":12,"column":3}}},"1":{"name":"(anonymous_1)","decl":{"start":{"line":14,"column":9},"end":{"line":14,"column":15}},"loc":{"start":{"line":14,"column":30},"end":{"line":41,"column":3}}},"2":{"name":"(anonymous_2)","decl":{"start":{"line":43,"column":9},"end":{"line":43,"column":15}},"loc":{"start":{"line":43,"column":44},"end":{"line":53,"column":3}}},"3":{"name":"(anonymous_3)","decl":{"start":{"line":47,"column":23},"end":{"line":47,"column":24}},"loc":{"start":{"line":47,"column":31},"end":{"line":49,"column":9}}},"4":{"name":"(anonymous_4)","decl":{"start":{"line":56,"column":9},"end":{"line":56,"column":15}},"loc":{"start":{"line":56,"column":64},"end":{"line":78,"column":3}}},"5":{"name":"(anonymous_5)","decl":{"start":{"line":80,"column":9},"end":{"line":80,"column":15}},"loc":{"start":{"line":80,"column":35},"end":{"line":82,"column":3}}},"6":{"name":"(anonymous_6)","decl":{"start":{"line":84,"column":9},"end":{"line":84,"column":15}},"loc":{"start":{"line":84,"column":39},"end":{"line":89,"column":3}}},"7":{"name":"(anonymous_7)","decl":{"start":{"line":91,"column":9},"end":{"line":91,"column":15}},"loc":{"start":{"line":91,"column":39},"end":{"line":96,"column":3}}},"8":{"name":"(anonymous_8)","decl":{"start":{"line":105,"column":9},"end":{"line":105,"column":15}},"loc":{"start":{"line":105,"column":35},"end":{"line":114,"column":3}}},"9":{"name":"(anonymous_9)","decl":{"start":{"line":98,"column":33},"end":{"line":98,"column":34}},"loc":{"start":{"line":98,"column":69},"end":{"line":102,"column":3}}}},"branchMap":{"0":{"loc":{"start":{"line":15,"column":4},"end":{"line":17,"column":null}},"type":"if","locations":[{"start":{"line":15,"column":4},"end":{"line":17,"column":null}},{"start":{"line":15,"column":4},"end":{"line":17,"column":null}}]},"1":{"loc":{"start":{"line":21,"column":6},"end":{"line":21,"column":12}},"type":"binary-expr","locations":[{"start":{"line":21,"column":6},"end":{"line":21,"column":12}},{"start":{"line":22,"column":7},"end":{"line":22,"column":26}},{"start":{"line":23,"column":8},"end":{"line":23,"column":28}},{"start":{"line":24,"column":8},"end":{"line":24,"column":28}},{"start":{"line":25,"column":8},"end":{"line":25,"column":28}}]},"2":{"loc":{"start":{"line":32,"column":6},"end":{"line":32,"column":18}},"type":"binary-expr","locations":[{"start":{"line":32,"column":6},"end":{"line":32,"column":18}},{"start":{"line":33,"column":7},"end":{"line":33,"column":26}},{"start":{"line":34,"column":8},"end":{"line":34,"column":28}},{"start":{"line":35,"column":8},"end":{"line":35,"column":28}},{"start":{"line":36,"column":8},"end":{"line":36,"column":28}}]},"3":{"loc":{"start":{"line":44,"column":4},"end":{"line":52,"column":null}},"type":"if","locations":[{"start":{"line":44,"column":4},"end":{"line":52,"column":null}},{"start":{"line":44,"column":4},"end":{"line":52,"column":null}}]},"4":{"loc":{"start":{"line":57,"column":4},"end":{"line":59,"column":null}},"type":"if","locations":[{"start":{"line":57,"column":4},"end":{"line":59,"column":null}},{"start":{"line":57,"column":4},"end":{"line":59,"column":null}}]},"5":{"loc":{"start":{"line":57,"column":8},"end":{"line":57,"column":13}},"type":"binary-expr","locations":[{"start":{"line":57,"column":8},"end":{"line":57,"column":13}},{"start":{"line":57,"column":17},"end":{"line":57,"column":34}}]},"6":{"loc":{"start":{"line":63,"column":6},"end":{"line":65,"column":null}},"type":"if","locations":[{"start":{"line":63,"column":6},"end":{"line":65,"column":null}},{"start":{"line":63,"column":6},"end":{"line":65,"column":null}}]},"7":{"loc":{"start":{"line":63,"column":10},"end":{"line":63,"column":18}},"type":"binary-expr","locations":[{"start":{"line":63,"column":10},"end":{"line":63,"column":18}},{"start":{"line":63,"column":22},"end":{"line":63,"column":37}}]},"8":{"loc":{"start":{"line":67,"column":6},"end":{"line":75,"column":null}},"type":"if","locations":[{"start":{"line":67,"column":6},"end":{"line":75,"column":null}},{"start":{"line":67,"column":6},"end":{"line":75,"column":null}}]},"9":{"loc":{"start":{"line":68,"column":8},"end":{"line":70,"column":null}},"type":"if","locations":[{"start":{"line":68,"column":8},"end":{"line":70,"column":null}},{"start":{"line":68,"column":8},"end":{"line":70,"column":null}}]},"10":{"loc":{"start":{"line":72,"column":8},"end":{"line":74,"column":null}},"type":"if","locations":[{"start":{"line":72,"column":8},"end":{"line":74,"column":null}},{"start":{"line":72,"column":8},"end":{"line":74,"column":null}}]},"11":{"loc":{"start":{"line":81,"column":11},"end":{"line":81,"column":15}},"type":"binary-expr","locations":[{"start":{"line":81,"column":11},"end":{"line":81,"column":15}},{"start":{"line":81,"column":19},"end":{"line":81,"column":29}}]},"12":{"loc":{"start":{"line":85,"column":4},"end":{"line":87,"column":null}},"type":"if","locations":[{"start":{"line":85,"column":4},"end":{"line":87,"column":null}},{"start":{"line":85,"column":4},"end":{"line":87,"column":null}}]},"13":{"loc":{"start":{"line":85,"column":8},"end":{"line":85,"column":12}},"type":"binary-expr","locations":[{"start":{"line":85,"column":8},"end":{"line":85,"column":12}},{"start":{"line":85,"column":16},"end":{"line":85,"column":26}}]},"14":{"loc":{"start":{"line":92,"column":4},"end":{"line":94,"column":null}},"type":"if","locations":[{"start":{"line":92,"column":4},"end":{"line":94,"column":null}},{"start":{"line":92,"column":4},"end":{"line":94,"column":null}}]},"15":{"loc":{"start":{"line":92,"column":8},"end":{"line":92,"column":12}},"type":"binary-expr","locations":[{"start":{"line":92,"column":8},"end":{"line":92,"column":12}},{"start":{"line":92,"column":16},"end":{"line":92,"column":26}}]},"16":{"loc":{"start":{"line":106,"column":4},"end":{"line":108,"column":null}},"type":"if","locations":[{"start":{"line":106,"column":4},"end":{"line":108,"column":null}},{"start":{"line":106,"column":4},"end":{"line":108,"column":null}}]}},"s":{"0":0,"1":0,"2":0,"3":0,"4":1,"5":0,"6":1,"7":1,"8":1,"9":0,"10":1,"11":1,"12":1,"13":0,"14":1,"15":0,"16":0,"17":0,"18":0,"19":0,"20":0,"21":0,"22":0,"23":0,"24":0,"25":0,"26":0,"27":0,"28":0,"29":0,"30":0,"31":0,"32":0,"33":0,"34":0,"35":0,"36":0,"37":0,"38":0,"39":0,"40":0,"41":0,"42":0,"43":0,"44":0,"45":0,"46":1,"47":1,"48":0,"49":0,"50":0},"f":{"0":0,"1":1,"2":0,"3":0,"4":0,"5":0,"6":0,"7":0,"8":0,"9":0},"b":{"0":[0,1],"1":[1,1,1,1,1],"2":[1,1,1,1,1],"3":[0,0],"4":[0,0],"5":[0,0],"6":[0,0],"7":[0,0],"8":[0,0],"9":[0,0],"10":[0,0],"11":[0,0],"12":[0,0],"13":[0,0],"14":[0,0],"15":[0,0],"16":[0,0]}}
}
