TN:
SF:src\utils\NumberUtil.ts
FN:4,(anonymous_0)
FN:34,(anonymous_1)
FN:52,(anonymous_2)
FN:59,(anonymous_3)
FN:68,(anonymous_4)
FN:72,(anonymous_5)
FN:81,(anonymous_6)
FN:30,(anonymous_7)
FNF:8
FNH:1
FNDA:0,(anonymous_0)
FNDA:0,(anonymous_1)
FNDA:0,(anonymous_2)
FNDA:2,(anonymous_3)
FNDA:0,(anonymous_4)
FNDA:0,(anonymous_5)
FNDA:0,(anonymous_6)
FNDA:0,(anonymous_7)
DA:1,1
DA:2,1
DA:5,0
DA:6,0
DA:8,0
DA:9,0
DA:10,0
DA:12,0
DA:13,0
DA:14,0
DA:15,0
DA:16,0
DA:17,0
DA:18,0
DA:19,0
DA:20,0
DA:23,0
DA:24,0
DA:26,0
DA:30,1
DA:31,0
DA:35,0
DA:36,0
DA:39,0
DA:40,0
DA:41,0
DA:43,0
DA:44,0
DA:45,0
DA:46,0
DA:48,0
DA:53,0
DA:54,0
DA:56,0
DA:60,2
DA:61,1
DA:63,1
DA:64,1
DA:65,1
DA:69,0
DA:73,0
DA:74,0
DA:75,0
DA:77,0
DA:83,0
DA:84,0
DA:85,0
DA:86,0
DA:89,0
DA:90,0
DA:91,0
DA:92,0
DA:93,0
DA:94,0
DA:95,0
DA:96,0
DA:97,0
DA:98,0
DA:99,0
DA:100,0
DA:101,0
LF:61
LH:8
BRDA:5,0,0,0
BRDA:5,0,1,0
BRDA:8,1,0,0
BRDA:8,1,1,0
BRDA:8,2,0,0
BRDA:8,2,1,0
BRDA:12,3,0,0
BRDA:12,3,1,0
BRDA:12,4,0,0
BRDA:12,4,1,0
BRDA:19,5,0,0
BRDA:19,5,1,0
BRDA:23,6,0,0
BRDA:23,6,1,0
BRDA:35,7,0,0
BRDA:35,7,1,0
BRDA:35,8,0,0
BRDA:35,8,1,0
BRDA:40,9,0,0
BRDA:40,9,1,0
BRDA:44,10,0,0
BRDA:44,10,1,0
BRDA:44,11,0,0
BRDA:44,11,1,0
BRDA:44,11,2,0
BRDA:52,12,0,0
BRDA:53,13,0,0
BRDA:53,13,1,0
BRDA:56,14,0,0
BRDA:56,14,1,0
BRDA:60,15,0,1
BRDA:60,15,1,1
BRDA:60,16,0,2
BRDA:60,16,1,1
BRDA:60,16,2,1
BRDA:65,17,0,1
BRDA:65,17,1,1
BRDA:65,17,2,1
BRDA:74,18,0,0
BRDA:74,18,1,0
BRDA:84,19,0,0
BRDA:84,19,1,0
BRDA:84,20,0,0
BRDA:84,20,1,0
BRDA:85,21,0,0
BRDA:85,21,1,0
BRDA:85,22,0,0
BRDA:85,22,1,0
BRDA:86,23,0,0
BRDA:86,23,1,0
BRDA:86,24,0,0
BRDA:86,24,1,0
BRDA:86,25,0,0
BRDA:86,25,1,0
BRDA:86,25,2,0
BRDA:87,26,0,0
BRDA:87,26,1,0
BRDA:87,26,2,0
BRDA:87,26,3,0
BRDA:87,27,0,0
BRDA:87,27,1,0
BRDA:88,28,0,0
BRDA:88,28,1,0
BRDA:89,29,0,0
BRDA:89,29,1,0
BRDA:89,30,0,0
BRDA:89,30,1,0
BRDA:89,30,2,0
BRDA:91,31,0,0
BRDA:91,31,1,0
BRDA:92,32,0,0
BRDA:92,32,1,0
BRDA:93,33,0,0
BRDA:93,33,1,0
BRDA:95,34,0,0
BRDA:95,34,1,0
BRDA:95,35,0,0
BRDA:95,35,1,0
BRDA:98,36,0,0
BRDA:98,36,1,0
BRDA:98,36,2,0
BRDA:100,37,0,0
BRDA:100,37,1,0
BRDA:100,38,0,0
BRDA:100,38,1,0
BRDA:101,39,0,0
BRDA:101,39,1,0
BRF:87
BRH:8
end_of_record
TN:
SF:src\utils\StringUtil.ts
FN:2,(anonymous_0)
FN:14,(anonymous_1)
FN:43,(anonymous_2)
FN:47,(anonymous_3)
FN:56,(anonymous_4)
FN:80,(anonymous_5)
FN:84,(anonymous_6)
FN:91,(anonymous_7)
FN:105,(anonymous_8)
FN:98,(anonymous_9)
FNF:10
FNH:1
FNDA:0,(anonymous_0)
FNDA:1,(anonymous_1)
FNDA:0,(anonymous_2)
FNDA:0,(anonymous_3)
FNDA:0,(anonymous_4)
FNDA:0,(anonymous_5)
FNDA:0,(anonymous_6)
FNDA:0,(anonymous_7)
FNDA:0,(anonymous_8)
FNDA:0,(anonymous_9)
DA:1,1
DA:7,0
DA:8,0
DA:9,0
DA:11,0
DA:15,1
DA:16,0
DA:18,1
DA:19,1
DA:20,1
DA:27,0
DA:29,1
DA:30,1
DA:31,1
DA:38,0
DA:40,1
DA:44,0
DA:45,0
DA:48,0
DA:51,0
DA:57,0
DA:58,0
DA:60,0
DA:61,0
DA:63,0
DA:64,0
DA:67,0
DA:68,0
DA:69,0
DA:72,0
DA:73,0
DA:77,0
DA:81,0
DA:85,0
DA:86,0
DA:88,0
DA:92,0
DA:93,0
DA:95,0
DA:98,1
DA:99,0
DA:100,0
DA:101,0
DA:106,0
DA:107,0
DA:109,0
DA:110,0
DA:111,0
DA:112,0
DA:113,0
LF:50
LH:10
BRDA:15,0,0,0
BRDA:15,0,1,1
BRDA:21,1,0,1
BRDA:21,1,1,1
BRDA:21,1,2,1
BRDA:21,1,3,1
BRDA:21,1,4,1
BRDA:32,2,0,1
BRDA:32,2,1,1
BRDA:32,2,2,1
BRDA:32,2,3,1
BRDA:32,2,4,1
BRDA:44,3,0,0
BRDA:44,3,1,0
BRDA:57,4,0,0
BRDA:57,4,1,0
BRDA:57,5,0,0
BRDA:57,5,1,0
BRDA:63,6,0,0
BRDA:63,6,1,0
BRDA:63,7,0,0
BRDA:63,7,1,0
BRDA:67,8,0,0
BRDA:67,8,1,0
BRDA:68,9,0,0
BRDA:68,9,1,0
BRDA:72,10,0,0
BRDA:72,10,1,0
BRDA:81,11,0,0
BRDA:81,11,1,0
BRDA:85,12,0,0
BRDA:85,12,1,0
BRDA:85,13,0,0
BRDA:85,13,1,0
BRDA:92,14,0,0
BRDA:92,14,1,0
BRDA:92,15,0,0
BRDA:92,15,1,0
BRDA:106,16,0,0
BRDA:106,16,1,0
BRF:40
BRH:11
end_of_record
